2025-04-21 18:42:03,910 DEBUG    root            Loaded Command Group: ['gcloud', 'components']
2025-04-21 18:42:03,914 DEBUG    root            Loaded Command Group: ['gcloud', 'components', 'update']
2025-04-21 18:42:03,916 DEBUG    root            Running [gcloud.components.update] with arguments: [--compile-python: "True", --quiet: "True", COMPONENT-IDS:6: "['core', 'gcloud-deps', 'bq', 'gcloud', 'gcloud-crc32c', 'gsutil']"]
2025-04-21 18:42:03,917 INFO     ___FILE_ONLY___ Beginning update. This process may take several minutes.

2025-04-21 18:42:03,952 DEBUG    urllib3.connectionpool Starting new HTTPS connection (1): dl.google.com:443
2025-04-21 18:42:03,972 DEBUG    urllib3.connectionpool https://dl.google.com:443 "GET /dl/cloudsdk/channels/rapid/components-2.json HTTP/11" 200 226135
2025-04-21 18:42:03,983 INFO     ___FILE_ONLY___ 

2025-04-21 18:42:03,984 INFO     ___FILE_ONLY___ 
Your current Google Cloud CLI version is: 518.0.0

2025-04-21 18:42:03,984 INFO     ___FILE_ONLY___ Installing components from version: 518.0.0

2025-04-21 18:42:03,984 INFO     ___FILE_ONLY___ 

2025-04-21 18:42:03,984 DEBUG    root            Chosen display Format:table[box,title="These components will be removed."](details.display_name:label=Name:align=left,version.version_string:label=Version:align=right,data.size.size(zero="",min=1048576):label=Size:align=right)
2025-04-21 18:42:03,985 DEBUG    root            Chosen display Format:table[box,title="These components will be updated."](details.display_name:label=Name:align=left,version.version_string:label=Version:align=right,data.size.size(zero="",min=1048576):label=Size:align=right)
2025-04-21 18:42:03,985 DEBUG    root            Chosen display Format:table[box,title="These components will be installed."](details.display_name:label=Name:align=left,version.version_string:label=Version:align=right,data.size.size(zero="",min=1048576):label=Size:align=right)
2025-04-21 18:42:04,022 INFO     ___FILE_ONLY___ ┌─────────────────────────────────────────────────────────────────────────────┐
2025-04-21 18:42:04,022 INFO     ___FILE_ONLY___ 

2025-04-21 18:42:04,023 INFO     ___FILE_ONLY___ │                     These components will be installed.                     │
2025-04-21 18:42:04,023 INFO     ___FILE_ONLY___ 

2025-04-21 18:42:04,023 INFO     ___FILE_ONLY___ ├─────────────────────────────────────────────────────┬────────────┬──────────┤
2025-04-21 18:42:04,023 INFO     ___FILE_ONLY___ 

2025-04-21 18:42:04,023 INFO     ___FILE_ONLY___ │                         Name                        │  Version   │   Size   │
2025-04-21 18:42:04,023 INFO     ___FILE_ONLY___ 

2025-04-21 18:42:04,023 INFO     ___FILE_ONLY___ ├─────────────────────────────────────────────────────┼────────────┼──────────┤
2025-04-21 18:42:04,023 INFO     ___FILE_ONLY___ 

2025-04-21 18:42:04,023 INFO     ___FILE_ONLY___ │ 
2025-04-21 18:42:04,023 INFO     ___FILE_ONLY___ BigQuery Command Line Tool                         
2025-04-21 18:42:04,023 INFO     ___FILE_ONLY___  
2025-04-21 18:42:04,023 INFO     ___FILE_ONLY___ │ 
2025-04-21 18:42:04,023 INFO     ___FILE_ONLY___     2.1.15
2025-04-21 18:42:04,023 INFO     ___FILE_ONLY___  
2025-04-21 18:42:04,023 INFO     ___FILE_ONLY___ │ 
2025-04-21 18:42:04,023 INFO     ___FILE_ONLY___  1.8 MiB
2025-04-21 18:42:04,023 INFO     ___FILE_ONLY___  
2025-04-21 18:42:04,023 INFO     ___FILE_ONLY___ │
2025-04-21 18:42:04,023 INFO     ___FILE_ONLY___ 

2025-04-21 18:42:04,023 INFO     ___FILE_ONLY___ │ 
2025-04-21 18:42:04,024 INFO     ___FILE_ONLY___ BigQuery Command Line Tool (Platform Specific)     
2025-04-21 18:42:04,024 INFO     ___FILE_ONLY___  
2025-04-21 18:42:04,024 INFO     ___FILE_ONLY___ │ 
2025-04-21 18:42:04,024 INFO     ___FILE_ONLY___      2.1.8
2025-04-21 18:42:04,024 INFO     ___FILE_ONLY___  
2025-04-21 18:42:04,024 INFO     ___FILE_ONLY___ │ 
2025-04-21 18:42:04,024 INFO     ___FILE_ONLY___  < 1 MiB
2025-04-21 18:42:04,024 INFO     ___FILE_ONLY___  
2025-04-21 18:42:04,024 INFO     ___FILE_ONLY___ │
2025-04-21 18:42:04,024 INFO     ___FILE_ONLY___ 

2025-04-21 18:42:04,024 INFO     ___FILE_ONLY___ │ 
2025-04-21 18:42:04,024 INFO     ___FILE_ONLY___ Bundled Python 3.12 (Platform Specific)            
2025-04-21 18:42:04,024 INFO     ___FILE_ONLY___  
2025-04-21 18:42:04,024 INFO     ___FILE_ONLY___ │ 
2025-04-21 18:42:04,024 INFO     ___FILE_ONLY___     3.12.8
2025-04-21 18:42:04,024 INFO     ___FILE_ONLY___  
2025-04-21 18:42:04,024 INFO     ___FILE_ONLY___ │ 
2025-04-21 18:42:04,024 INFO     ___FILE_ONLY___ 89.2 MiB
2025-04-21 18:42:04,024 INFO     ___FILE_ONLY___  
2025-04-21 18:42:04,024 INFO     ___FILE_ONLY___ │
2025-04-21 18:42:04,024 INFO     ___FILE_ONLY___ 

2025-04-21 18:42:04,025 INFO     ___FILE_ONLY___ │ 
2025-04-21 18:42:04,025 INFO     ___FILE_ONLY___ Cloud Storage Command Line Tool                    
2025-04-21 18:42:04,025 INFO     ___FILE_ONLY___  
2025-04-21 18:42:04,025 INFO     ___FILE_ONLY___ │ 
2025-04-21 18:42:04,025 INFO     ___FILE_ONLY___       5.33
2025-04-21 18:42:04,025 INFO     ___FILE_ONLY___  
2025-04-21 18:42:04,025 INFO     ___FILE_ONLY___ │ 
2025-04-21 18:42:04,025 INFO     ___FILE_ONLY___ 11.8 MiB
2025-04-21 18:42:04,025 INFO     ___FILE_ONLY___  
2025-04-21 18:42:04,025 INFO     ___FILE_ONLY___ │
2025-04-21 18:42:04,025 INFO     ___FILE_ONLY___ 

2025-04-21 18:42:04,025 INFO     ___FILE_ONLY___ │ 
2025-04-21 18:42:04,025 INFO     ___FILE_ONLY___ Cloud Storage Command Line Tool (Platform Specific)
2025-04-21 18:42:04,025 INFO     ___FILE_ONLY___  
2025-04-21 18:42:04,025 INFO     ___FILE_ONLY___ │ 
2025-04-21 18:42:04,025 INFO     ___FILE_ONLY___       5.30
2025-04-21 18:42:04,025 INFO     ___FILE_ONLY___  
2025-04-21 18:42:04,025 INFO     ___FILE_ONLY___ │ 
2025-04-21 18:42:04,025 INFO     ___FILE_ONLY___  < 1 MiB
2025-04-21 18:42:04,025 INFO     ___FILE_ONLY___  
2025-04-21 18:42:04,026 INFO     ___FILE_ONLY___ │
2025-04-21 18:42:04,026 INFO     ___FILE_ONLY___ 

2025-04-21 18:42:04,026 INFO     ___FILE_ONLY___ │ 
2025-04-21 18:42:04,026 INFO     ___FILE_ONLY___ Google Cloud CLI Core Libraries (Platform Specific)
2025-04-21 18:42:04,026 INFO     ___FILE_ONLY___  
2025-04-21 18:42:04,026 INFO     ___FILE_ONLY___ │ 
2025-04-21 18:42:04,026 INFO     ___FILE_ONLY___ 2024.08.30
2025-04-21 18:42:04,026 INFO     ___FILE_ONLY___  
2025-04-21 18:42:04,026 INFO     ___FILE_ONLY___ │ 
2025-04-21 18:42:04,026 INFO     ___FILE_ONLY___  < 1 MiB
2025-04-21 18:42:04,026 INFO     ___FILE_ONLY___  
2025-04-21 18:42:04,026 INFO     ___FILE_ONLY___ │
2025-04-21 18:42:04,026 INFO     ___FILE_ONLY___ 

2025-04-21 18:42:04,026 INFO     ___FILE_ONLY___ │ 
2025-04-21 18:42:04,026 INFO     ___FILE_ONLY___ Google Cloud CRC32C Hash Tool (Platform Specific)  
2025-04-21 18:42:04,026 INFO     ___FILE_ONLY___  
2025-04-21 18:42:04,026 INFO     ___FILE_ONLY___ │ 
2025-04-21 18:42:04,026 INFO     ___FILE_ONLY___      1.0.0
2025-04-21 18:42:04,026 INFO     ___FILE_ONLY___  
2025-04-21 18:42:04,026 INFO     ___FILE_ONLY___ │ 
2025-04-21 18:42:04,026 INFO     ___FILE_ONLY___  1.4 MiB
2025-04-21 18:42:04,027 INFO     ___FILE_ONLY___  
2025-04-21 18:42:04,027 INFO     ___FILE_ONLY___ │
2025-04-21 18:42:04,027 INFO     ___FILE_ONLY___ 

2025-04-21 18:42:04,027 INFO     ___FILE_ONLY___ │ 
2025-04-21 18:42:04,027 INFO     ___FILE_ONLY___ gcloud cli dependencies (Platform Specific)        
2025-04-21 18:42:04,027 INFO     ___FILE_ONLY___  
2025-04-21 18:42:04,027 INFO     ___FILE_ONLY___ │ 
2025-04-21 18:42:04,027 INFO     ___FILE_ONLY___ 2021.04.16
2025-04-21 18:42:04,027 INFO     ___FILE_ONLY___  
2025-04-21 18:42:04,027 INFO     ___FILE_ONLY___ │ 
2025-04-21 18:42:04,027 INFO     ___FILE_ONLY___  < 1 MiB
2025-04-21 18:42:04,027 INFO     ___FILE_ONLY___  
2025-04-21 18:42:04,027 INFO     ___FILE_ONLY___ │
2025-04-21 18:42:04,027 INFO     ___FILE_ONLY___ 

2025-04-21 18:42:04,027 INFO     ___FILE_ONLY___ └─────────────────────────────────────────────────────┴────────────┴──────────┘
2025-04-21 18:42:04,027 INFO     ___FILE_ONLY___ 

2025-04-21 18:42:04,027 INFO     ___FILE_ONLY___ 

2025-04-21 18:42:04,031 DEBUG    urllib3.connectionpool Starting new HTTPS connection (1): dl.google.com:443
2025-04-21 18:42:04,048 DEBUG    urllib3.connectionpool https://dl.google.com:443 "GET /dl/cloudsdk/channels/rapid/RELEASE_NOTES HTTP/11" 200 1400392
2025-04-21 18:42:04,520 INFO     ___FILE_ONLY___ For the latest full release notes, please visit:
  https://cloud.google.com/sdk/release_notes


2025-04-21 18:42:04,520 INFO     ___FILE_ONLY___ Performing in place update...


2025-04-21 18:42:04,522 INFO     ___FILE_ONLY___ ╔════════════════════════════════════════════════════════════╗

2025-04-21 18:42:04,522 INFO     ___FILE_ONLY___ ╠═ Downloading: BigQuery Command Line Tool                  ═╣

2025-04-21 18:42:04,522 INFO     ___FILE_ONLY___ ╚
2025-04-21 18:42:04,526 DEBUG    urllib3.connectionpool Starting new HTTPS connection (1): dl.google.com:443
2025-04-21 18:42:04,541 DEBUG    urllib3.connectionpool https://dl.google.com:443 "GET /dl/cloudsdk/channels/rapid/components/google-cloud-sdk-bq-20250411141747.tar.gz HTTP/11" 200 1843425
2025-04-21 18:42:04,553 INFO     ___FILE_ONLY___ ═
2025-04-21 18:42:04,553 INFO     ___FILE_ONLY___ ═
2025-04-21 18:42:04,553 INFO     ___FILE_ONLY___ ═
2025-04-21 18:42:04,553 INFO     ___FILE_ONLY___ ═
2025-04-21 18:42:04,553 INFO     ___FILE_ONLY___ ═
2025-04-21 18:42:04,553 INFO     ___FILE_ONLY___ ═
2025-04-21 18:42:04,553 INFO     ___FILE_ONLY___ ═
2025-04-21 18:42:04,553 INFO     ___FILE_ONLY___ ═
2025-04-21 18:42:04,553 INFO     ___FILE_ONLY___ ═
2025-04-21 18:42:04,554 INFO     ___FILE_ONLY___ ═
2025-04-21 18:42:04,554 INFO     ___FILE_ONLY___ ═
2025-04-21 18:42:04,554 INFO     ___FILE_ONLY___ ═
2025-04-21 18:42:04,554 INFO     ___FILE_ONLY___ ═
2025-04-21 18:42:04,554 INFO     ___FILE_ONLY___ ═
2025-04-21 18:42:04,554 INFO     ___FILE_ONLY___ ═
2025-04-21 18:42:04,554 INFO     ___FILE_ONLY___ ═
2025-04-21 18:42:04,554 INFO     ___FILE_ONLY___ ═
2025-04-21 18:42:04,554 INFO     ___FILE_ONLY___ ═
2025-04-21 18:42:04,554 INFO     ___FILE_ONLY___ ═
2025-04-21 18:42:04,554 INFO     ___FILE_ONLY___ ═
2025-04-21 18:42:04,555 INFO     ___FILE_ONLY___ ═
2025-04-21 18:42:04,555 INFO     ___FILE_ONLY___ ═
2025-04-21 18:42:04,555 INFO     ___FILE_ONLY___ ═
2025-04-21 18:42:04,555 INFO     ___FILE_ONLY___ ═
2025-04-21 18:42:04,555 INFO     ___FILE_ONLY___ ═
2025-04-21 18:42:04,555 INFO     ___FILE_ONLY___ ═
2025-04-21 18:42:04,555 INFO     ___FILE_ONLY___ ═
2025-04-21 18:42:04,555 INFO     ___FILE_ONLY___ ═
2025-04-21 18:42:04,555 INFO     ___FILE_ONLY___ ═
2025-04-21 18:42:04,555 INFO     ___FILE_ONLY___ ═
2025-04-21 18:42:04,555 INFO     ___FILE_ONLY___ ═
2025-04-21 18:42:04,556 INFO     ___FILE_ONLY___ ═
2025-04-21 18:42:04,556 INFO     ___FILE_ONLY___ ═
2025-04-21 18:42:04,556 INFO     ___FILE_ONLY___ ═
2025-04-21 18:42:04,556 INFO     ___FILE_ONLY___ ═
2025-04-21 18:42:04,556 INFO     ___FILE_ONLY___ ═
2025-04-21 18:42:04,556 INFO     ___FILE_ONLY___ ═
2025-04-21 18:42:04,556 INFO     ___FILE_ONLY___ ═
2025-04-21 18:42:04,556 INFO     ___FILE_ONLY___ ═
2025-04-21 18:42:04,556 INFO     ___FILE_ONLY___ ═
2025-04-21 18:42:04,556 INFO     ___FILE_ONLY___ ═
2025-04-21 18:42:04,556 INFO     ___FILE_ONLY___ ═
2025-04-21 18:42:04,557 INFO     ___FILE_ONLY___ ═
2025-04-21 18:42:04,557 INFO     ___FILE_ONLY___ ═
2025-04-21 18:42:04,557 INFO     ___FILE_ONLY___ ═
2025-04-21 18:42:04,557 INFO     ___FILE_ONLY___ ═
2025-04-21 18:42:04,557 INFO     ___FILE_ONLY___ ═
2025-04-21 18:42:04,557 INFO     ___FILE_ONLY___ ═
2025-04-21 18:42:04,557 INFO     ___FILE_ONLY___ ═
2025-04-21 18:42:04,557 INFO     ___FILE_ONLY___ ═
2025-04-21 18:42:04,557 INFO     ___FILE_ONLY___ ═
2025-04-21 18:42:04,557 INFO     ___FILE_ONLY___ ═
2025-04-21 18:42:04,557 INFO     ___FILE_ONLY___ ═
2025-04-21 18:42:04,558 INFO     ___FILE_ONLY___ ═
2025-04-21 18:42:04,558 INFO     ___FILE_ONLY___ ═
2025-04-21 18:42:04,558 INFO     ___FILE_ONLY___ ═
2025-04-21 18:42:04,558 INFO     ___FILE_ONLY___ ═
2025-04-21 18:42:04,558 INFO     ___FILE_ONLY___ ═
2025-04-21 18:42:04,558 INFO     ___FILE_ONLY___ ═
2025-04-21 18:42:04,558 INFO     ___FILE_ONLY___ ═
2025-04-21 18:42:04,558 INFO     ___FILE_ONLY___ ╝

2025-04-21 18:42:04,560 INFO     ___FILE_ONLY___ ╔════════════════════════════════════════════════════════════╗

2025-04-21 18:42:04,560 INFO     ___FILE_ONLY___ ╠═ Downloading: BigQuery Command Line Tool (Platform Spe... ═╣

2025-04-21 18:42:04,560 INFO     ___FILE_ONLY___ ╚
2025-04-21 18:42:04,565 DEBUG    urllib3.connectionpool Starting new HTTPS connection (1): dl.google.com:443
2025-04-21 18:42:04,578 DEBUG    urllib3.connectionpool https://dl.google.com:443 "GET /dl/cloudsdk/channels/rapid/components/google-cloud-sdk-bq-nix-20240830134514.tar.gz HTTP/11" 200 1914
2025-04-21 18:42:04,578 INFO     ___FILE_ONLY___ ════════════════════════════════════════════════════════════
2025-04-21 18:42:04,578 INFO     ___FILE_ONLY___ ╝

2025-04-21 18:42:04,580 INFO     ___FILE_ONLY___ ╔════════════════════════════════════════════════════════════╗

2025-04-21 18:42:04,580 INFO     ___FILE_ONLY___ ╠═ Downloading: Bundled Python 3.12                         ═╣

2025-04-21 18:42:04,581 INFO     ___FILE_ONLY___ ╚
2025-04-21 18:42:04,581 INFO     ___FILE_ONLY___ ════════════════════════════════════════════════════════════
2025-04-21 18:42:04,581 INFO     ___FILE_ONLY___ ╝

2025-04-21 18:42:04,582 INFO     ___FILE_ONLY___ ╔════════════════════════════════════════════════════════════╗

2025-04-21 18:42:04,583 INFO     ___FILE_ONLY___ ╠═ Downloading: Bundled Python 3.12 (Platform Specific)     ═╣

2025-04-21 18:42:04,583 INFO     ___FILE_ONLY___ ╚
2025-04-21 18:42:04,586 DEBUG    urllib3.connectionpool Starting new HTTPS connection (1): dl.google.com:443
2025-04-21 18:42:04,601 DEBUG    urllib3.connectionpool https://dl.google.com:443 "GET /dl/cloudsdk/channels/rapid/components/google-cloud-sdk-bundled-python3-unix-linux-x86_64-20250131143518.tar.gz HTTP/11" 200 93520256
2025-04-21 18:42:04,931 INFO     ___FILE_ONLY___ ═
2025-04-21 18:42:04,933 INFO     ___FILE_ONLY___ ═
2025-04-21 18:42:04,935 INFO     ___FILE_ONLY___ ═
2025-04-21 18:42:04,937 INFO     ___FILE_ONLY___ ═
2025-04-21 18:42:04,939 INFO     ___FILE_ONLY___ ═
2025-04-21 18:42:04,941 INFO     ___FILE_ONLY___ ═
2025-04-21 18:42:04,943 INFO     ___FILE_ONLY___ ═
2025-04-21 18:42:04,945 INFO     ___FILE_ONLY___ ═
2025-04-21 18:42:04,947 INFO     ___FILE_ONLY___ ═
2025-04-21 18:42:04,949 INFO     ___FILE_ONLY___ ═
2025-04-21 18:42:04,951 INFO     ___FILE_ONLY___ ═
2025-04-21 18:42:04,953 INFO     ___FILE_ONLY___ ═
2025-04-21 18:42:04,955 INFO     ___FILE_ONLY___ ═
2025-04-21 18:42:04,957 INFO     ___FILE_ONLY___ ═
2025-04-21 18:42:04,959 INFO     ___FILE_ONLY___ ═
2025-04-21 18:42:04,960 INFO     ___FILE_ONLY___ ═
2025-04-21 18:42:04,962 INFO     ___FILE_ONLY___ ═
2025-04-21 18:42:04,964 INFO     ___FILE_ONLY___ ═
2025-04-21 18:42:04,966 INFO     ___FILE_ONLY___ ═
2025-04-21 18:42:04,968 INFO     ___FILE_ONLY___ ═
2025-04-21 18:42:04,970 INFO     ___FILE_ONLY___ ═
2025-04-21 18:42:04,972 INFO     ___FILE_ONLY___ ═
2025-04-21 18:42:04,974 INFO     ___FILE_ONLY___ ═
2025-04-21 18:42:04,976 INFO     ___FILE_ONLY___ ═
2025-04-21 18:42:04,978 INFO     ___FILE_ONLY___ ═
2025-04-21 18:42:04,980 INFO     ___FILE_ONLY___ ═
2025-04-21 18:42:04,982 INFO     ___FILE_ONLY___ ═
2025-04-21 18:42:04,984 INFO     ___FILE_ONLY___ ═
2025-04-21 18:42:04,986 INFO     ___FILE_ONLY___ ═
2025-04-21 18:42:04,988 INFO     ___FILE_ONLY___ ═
2025-04-21 18:42:04,990 INFO     ___FILE_ONLY___ ═
2025-04-21 18:42:04,992 INFO     ___FILE_ONLY___ ═
2025-04-21 18:42:04,994 INFO     ___FILE_ONLY___ ═
2025-04-21 18:42:04,996 INFO     ___FILE_ONLY___ ═
2025-04-21 18:42:04,998 INFO     ___FILE_ONLY___ ═
2025-04-21 18:42:05,000 INFO     ___FILE_ONLY___ ═
2025-04-21 18:42:05,002 INFO     ___FILE_ONLY___ ═
2025-04-21 18:42:05,004 INFO     ___FILE_ONLY___ ═
2025-04-21 18:42:05,006 INFO     ___FILE_ONLY___ ═
2025-04-21 18:42:05,008 INFO     ___FILE_ONLY___ ═
2025-04-21 18:42:05,010 INFO     ___FILE_ONLY___ ═
2025-04-21 18:42:05,012 INFO     ___FILE_ONLY___ ═
2025-04-21 18:42:05,014 INFO     ___FILE_ONLY___ ═
2025-04-21 18:42:05,016 INFO     ___FILE_ONLY___ ═
2025-04-21 18:42:05,018 INFO     ___FILE_ONLY___ ═
2025-04-21 18:42:05,020 INFO     ___FILE_ONLY___ ═
2025-04-21 18:42:05,022 INFO     ___FILE_ONLY___ ═
2025-04-21 18:42:05,024 INFO     ___FILE_ONLY___ ═
2025-04-21 18:42:05,026 INFO     ___FILE_ONLY___ ═
2025-04-21 18:42:05,028 INFO     ___FILE_ONLY___ ═
2025-04-21 18:42:05,030 INFO     ___FILE_ONLY___ ═
2025-04-21 18:42:05,032 INFO     ___FILE_ONLY___ ═
2025-04-21 18:42:05,034 INFO     ___FILE_ONLY___ ═
2025-04-21 18:42:05,035 INFO     ___FILE_ONLY___ ═
2025-04-21 18:42:05,037 INFO     ___FILE_ONLY___ ═
2025-04-21 18:42:05,039 INFO     ___FILE_ONLY___ ═
2025-04-21 18:42:05,041 INFO     ___FILE_ONLY___ ═
2025-04-21 18:42:05,043 INFO     ___FILE_ONLY___ ═
2025-04-21 18:42:05,045 INFO     ___FILE_ONLY___ ═
2025-04-21 18:42:05,047 INFO     ___FILE_ONLY___ ═
2025-04-21 18:42:05,048 INFO     ___FILE_ONLY___ ╝

2025-04-21 18:42:05,050 INFO     ___FILE_ONLY___ ╔════════════════════════════════════════════════════════════╗

2025-04-21 18:42:05,050 INFO     ___FILE_ONLY___ ╠═ Downloading: Cloud Storage Command Line Tool             ═╣

2025-04-21 18:42:05,050 INFO     ___FILE_ONLY___ ╚
2025-04-21 18:42:05,053 DEBUG    urllib3.connectionpool Starting new HTTPS connection (1): dl.google.com:443
2025-04-21 18:42:05,069 DEBUG    urllib3.connectionpool https://dl.google.com:443 "GET /dl/cloudsdk/channels/rapid/components/google-cloud-sdk-gsutil-20241213184646.tar.gz HTTP/11" 200 12368759
2025-04-21 18:42:05,113 INFO     ___FILE_ONLY___ ═
2025-04-21 18:42:05,114 INFO     ___FILE_ONLY___ ═
2025-04-21 18:42:05,114 INFO     ___FILE_ONLY___ ═
2025-04-21 18:42:05,115 INFO     ___FILE_ONLY___ ═
2025-04-21 18:42:05,115 INFO     ___FILE_ONLY___ ═
2025-04-21 18:42:05,115 INFO     ___FILE_ONLY___ ═
2025-04-21 18:42:05,116 INFO     ___FILE_ONLY___ ═
2025-04-21 18:42:05,116 INFO     ___FILE_ONLY___ ═
2025-04-21 18:42:05,116 INFO     ___FILE_ONLY___ ═
2025-04-21 18:42:05,116 INFO     ___FILE_ONLY___ ═
2025-04-21 18:42:05,117 INFO     ___FILE_ONLY___ ═
2025-04-21 18:42:05,117 INFO     ___FILE_ONLY___ ═
2025-04-21 18:42:05,117 INFO     ___FILE_ONLY___ ═
2025-04-21 18:42:05,118 INFO     ___FILE_ONLY___ ═
2025-04-21 18:42:05,118 INFO     ___FILE_ONLY___ ═
2025-04-21 18:42:05,118 INFO     ___FILE_ONLY___ ═
2025-04-21 18:42:05,119 INFO     ___FILE_ONLY___ ═
2025-04-21 18:42:05,119 INFO     ___FILE_ONLY___ ═
2025-04-21 18:42:05,119 INFO     ___FILE_ONLY___ ═
2025-04-21 18:42:05,120 INFO     ___FILE_ONLY___ ═
2025-04-21 18:42:05,120 INFO     ___FILE_ONLY___ ═
2025-04-21 18:42:05,120 INFO     ___FILE_ONLY___ ═
2025-04-21 18:42:05,120 INFO     ___FILE_ONLY___ ═
2025-04-21 18:42:05,121 INFO     ___FILE_ONLY___ ═
2025-04-21 18:42:05,121 INFO     ___FILE_ONLY___ ═
2025-04-21 18:42:05,121 INFO     ___FILE_ONLY___ ═
2025-04-21 18:42:05,122 INFO     ___FILE_ONLY___ ═
2025-04-21 18:42:05,122 INFO     ___FILE_ONLY___ ═
2025-04-21 18:42:05,122 INFO     ___FILE_ONLY___ ═
2025-04-21 18:42:05,123 INFO     ___FILE_ONLY___ ═
2025-04-21 18:42:05,123 INFO     ___FILE_ONLY___ ═
2025-04-21 18:42:05,123 INFO     ___FILE_ONLY___ ═
2025-04-21 18:42:05,124 INFO     ___FILE_ONLY___ ═
2025-04-21 18:42:05,124 INFO     ___FILE_ONLY___ ═
2025-04-21 18:42:05,124 INFO     ___FILE_ONLY___ ═
2025-04-21 18:42:05,125 INFO     ___FILE_ONLY___ ═
2025-04-21 18:42:05,125 INFO     ___FILE_ONLY___ ═
2025-04-21 18:42:05,125 INFO     ___FILE_ONLY___ ═
2025-04-21 18:42:05,126 INFO     ___FILE_ONLY___ ═
2025-04-21 18:42:05,126 INFO     ___FILE_ONLY___ ═
2025-04-21 18:42:05,126 INFO     ___FILE_ONLY___ ═
2025-04-21 18:42:05,127 INFO     ___FILE_ONLY___ ═
2025-04-21 18:42:05,127 INFO     ___FILE_ONLY___ ═
2025-04-21 18:42:05,127 INFO     ___FILE_ONLY___ ═
2025-04-21 18:42:05,128 INFO     ___FILE_ONLY___ ═
2025-04-21 18:42:05,128 INFO     ___FILE_ONLY___ ═
2025-04-21 18:42:05,128 INFO     ___FILE_ONLY___ ═
2025-04-21 18:42:05,128 INFO     ___FILE_ONLY___ ═
2025-04-21 18:42:05,129 INFO     ___FILE_ONLY___ ═
2025-04-21 18:42:05,129 INFO     ___FILE_ONLY___ ═
2025-04-21 18:42:05,129 INFO     ___FILE_ONLY___ ═
2025-04-21 18:42:05,130 INFO     ___FILE_ONLY___ ═
2025-04-21 18:42:05,130 INFO     ___FILE_ONLY___ ═
2025-04-21 18:42:05,130 INFO     ___FILE_ONLY___ ═
2025-04-21 18:42:05,131 INFO     ___FILE_ONLY___ ═
2025-04-21 18:42:05,131 INFO     ___FILE_ONLY___ ═
2025-04-21 18:42:05,131 INFO     ___FILE_ONLY___ ═
2025-04-21 18:42:05,132 INFO     ___FILE_ONLY___ ═
2025-04-21 18:42:05,132 INFO     ___FILE_ONLY___ ═
2025-04-21 18:42:05,132 INFO     ___FILE_ONLY___ ═
2025-04-21 18:42:05,132 INFO     ___FILE_ONLY___ ╝

2025-04-21 18:42:05,135 INFO     ___FILE_ONLY___ ╔════════════════════════════════════════════════════════════╗

2025-04-21 18:42:05,135 INFO     ___FILE_ONLY___ ╠═ Downloading: Cloud Storage Command Line Tool (Platfor... ═╣

2025-04-21 18:42:05,135 INFO     ___FILE_ONLY___ ╚
2025-04-21 18:42:05,138 DEBUG    urllib3.connectionpool Starting new HTTPS connection (1): dl.google.com:443
2025-04-21 18:42:05,153 DEBUG    urllib3.connectionpool https://dl.google.com:443 "GET /dl/cloudsdk/channels/rapid/components/google-cloud-sdk-gsutil-nix-20240830134514.tar.gz HTTP/11" 200 1928
2025-04-21 18:42:05,153 INFO     ___FILE_ONLY___ ════════════════════════════════════════════════════════════
2025-04-21 18:42:05,153 INFO     ___FILE_ONLY___ ╝

2025-04-21 18:42:05,155 INFO     ___FILE_ONLY___ ╔════════════════════════════════════════════════════════════╗

2025-04-21 18:42:05,155 INFO     ___FILE_ONLY___ ╠═ Downloading: Default set of gcloud commands              ═╣

2025-04-21 18:42:05,155 INFO     ___FILE_ONLY___ ╚
2025-04-21 18:42:05,156 INFO     ___FILE_ONLY___ ════════════════════════════════════════════════════════════
2025-04-21 18:42:05,156 INFO     ___FILE_ONLY___ ╝

2025-04-21 18:42:05,157 INFO     ___FILE_ONLY___ ╔════════════════════════════════════════════════════════════╗

2025-04-21 18:42:05,157 INFO     ___FILE_ONLY___ ╠═ Downloading: Google Cloud CLI Core Libraries (Platfor... ═╣

2025-04-21 18:42:05,157 INFO     ___FILE_ONLY___ ╚
2025-04-21 18:42:05,161 DEBUG    urllib3.connectionpool Starting new HTTPS connection (1): dl.google.com:443
2025-04-21 18:42:05,172 DEBUG    urllib3.connectionpool https://dl.google.com:443 "GET /dl/cloudsdk/channels/rapid/components/google-cloud-sdk-core-nix-20240830134514.tar.gz HTTP/11" 200 2306
2025-04-21 18:42:05,172 INFO     ___FILE_ONLY___ ════════════════════════════════════════════════════════════
2025-04-21 18:42:05,172 INFO     ___FILE_ONLY___ ╝

2025-04-21 18:42:05,174 INFO     ___FILE_ONLY___ ╔════════════════════════════════════════════════════════════╗

2025-04-21 18:42:05,174 INFO     ___FILE_ONLY___ ╠═ Downloading: Google Cloud CRC32C Hash Tool               ═╣

2025-04-21 18:42:05,174 INFO     ___FILE_ONLY___ ╚
2025-04-21 18:42:05,174 INFO     ___FILE_ONLY___ ════════════════════════════════════════════════════════════
2025-04-21 18:42:05,175 INFO     ___FILE_ONLY___ ╝

2025-04-21 18:42:05,176 INFO     ___FILE_ONLY___ ╔════════════════════════════════════════════════════════════╗

2025-04-21 18:42:05,176 INFO     ___FILE_ONLY___ ╠═ Downloading: Google Cloud CRC32C Hash Tool (Platform ... ═╣

2025-04-21 18:42:05,176 INFO     ___FILE_ONLY___ ╚
2025-04-21 18:42:05,179 DEBUG    urllib3.connectionpool Starting new HTTPS connection (1): dl.google.com:443
2025-04-21 18:42:05,195 DEBUG    urllib3.connectionpool https://dl.google.com:443 "GET /dl/cloudsdk/channels/rapid/components/google-cloud-sdk-gcloud-crc32c-linux-x86_64-20250110133808.tar.gz HTTP/11" 200 1478989
2025-04-21 18:42:05,205 INFO     ___FILE_ONLY___ ═
2025-04-21 18:42:05,206 INFO     ___FILE_ONLY___ ═
2025-04-21 18:42:05,206 INFO     ___FILE_ONLY___ ═
2025-04-21 18:42:05,206 INFO     ___FILE_ONLY___ ═
2025-04-21 18:42:05,206 INFO     ___FILE_ONLY___ ═
2025-04-21 18:42:05,206 INFO     ___FILE_ONLY___ ═
2025-04-21 18:42:05,206 INFO     ___FILE_ONLY___ ═
2025-04-21 18:42:05,206 INFO     ___FILE_ONLY___ ═
2025-04-21 18:42:05,206 INFO     ___FILE_ONLY___ ═
2025-04-21 18:42:05,206 INFO     ___FILE_ONLY___ ═
2025-04-21 18:42:05,206 INFO     ___FILE_ONLY___ ═
2025-04-21 18:42:05,207 INFO     ___FILE_ONLY___ ═
2025-04-21 18:42:05,207 INFO     ___FILE_ONLY___ ═
2025-04-21 18:42:05,207 INFO     ___FILE_ONLY___ ═
2025-04-21 18:42:05,207 INFO     ___FILE_ONLY___ ═
2025-04-21 18:42:05,207 INFO     ___FILE_ONLY___ ═
2025-04-21 18:42:05,207 INFO     ___FILE_ONLY___ ═
2025-04-21 18:42:05,207 INFO     ___FILE_ONLY___ ═
2025-04-21 18:42:05,207 INFO     ___FILE_ONLY___ ═
2025-04-21 18:42:05,207 INFO     ___FILE_ONLY___ ═
2025-04-21 18:42:05,207 INFO     ___FILE_ONLY___ ═
2025-04-21 18:42:05,207 INFO     ___FILE_ONLY___ ═
2025-04-21 18:42:05,207 INFO     ___FILE_ONLY___ ═
2025-04-21 18:42:05,208 INFO     ___FILE_ONLY___ ═
2025-04-21 18:42:05,208 INFO     ___FILE_ONLY___ ═
2025-04-21 18:42:05,208 INFO     ___FILE_ONLY___ ═
2025-04-21 18:42:05,208 INFO     ___FILE_ONLY___ ═
2025-04-21 18:42:05,208 INFO     ___FILE_ONLY___ ═
2025-04-21 18:42:05,208 INFO     ___FILE_ONLY___ ═
2025-04-21 18:42:05,208 INFO     ___FILE_ONLY___ ═
2025-04-21 18:42:05,208 INFO     ___FILE_ONLY___ ═
2025-04-21 18:42:05,208 INFO     ___FILE_ONLY___ ═
2025-04-21 18:42:05,208 INFO     ___FILE_ONLY___ ═
2025-04-21 18:42:05,208 INFO     ___FILE_ONLY___ ═
2025-04-21 18:42:05,208 INFO     ___FILE_ONLY___ ═
2025-04-21 18:42:05,209 INFO     ___FILE_ONLY___ ═
2025-04-21 18:42:05,209 INFO     ___FILE_ONLY___ ═
2025-04-21 18:42:05,209 INFO     ___FILE_ONLY___ ═
2025-04-21 18:42:05,209 INFO     ___FILE_ONLY___ ═
2025-04-21 18:42:05,209 INFO     ___FILE_ONLY___ ═
2025-04-21 18:42:05,209 INFO     ___FILE_ONLY___ ═
2025-04-21 18:42:05,209 INFO     ___FILE_ONLY___ ═
2025-04-21 18:42:05,209 INFO     ___FILE_ONLY___ ═
2025-04-21 18:42:05,209 INFO     ___FILE_ONLY___ ═
2025-04-21 18:42:05,209 INFO     ___FILE_ONLY___ ═
2025-04-21 18:42:05,209 INFO     ___FILE_ONLY___ ═
2025-04-21 18:42:05,210 INFO     ___FILE_ONLY___ ═
2025-04-21 18:42:05,210 INFO     ___FILE_ONLY___ ═
2025-04-21 18:42:05,210 INFO     ___FILE_ONLY___ ═
2025-04-21 18:42:05,210 INFO     ___FILE_ONLY___ ═
2025-04-21 18:42:05,210 INFO     ___FILE_ONLY___ ═
2025-04-21 18:42:05,210 INFO     ___FILE_ONLY___ ═
2025-04-21 18:42:05,210 INFO     ___FILE_ONLY___ ═
2025-04-21 18:42:05,210 INFO     ___FILE_ONLY___ ═
2025-04-21 18:42:05,210 INFO     ___FILE_ONLY___ ═
2025-04-21 18:42:05,210 INFO     ___FILE_ONLY___ ═
2025-04-21 18:42:05,210 INFO     ___FILE_ONLY___ ═
2025-04-21 18:42:05,210 INFO     ___FILE_ONLY___ ═
2025-04-21 18:42:05,211 INFO     ___FILE_ONLY___ ═
2025-04-21 18:42:05,211 INFO     ___FILE_ONLY___ ═
2025-04-21 18:42:05,211 INFO     ___FILE_ONLY___ ╝

2025-04-21 18:42:05,213 INFO     ___FILE_ONLY___ ╔════════════════════════════════════════════════════════════╗

2025-04-21 18:42:05,213 INFO     ___FILE_ONLY___ ╠═ Downloading: gcloud cli dependencies (Platform Specific) ═╣

2025-04-21 18:42:05,213 INFO     ___FILE_ONLY___ ╚
2025-04-21 18:42:05,216 DEBUG    urllib3.connectionpool Starting new HTTPS connection (1): dl.google.com:443
2025-04-21 18:42:05,227 DEBUG    urllib3.connectionpool https://dl.google.com:443 "GET /dl/cloudsdk/channels/rapid/components/google-cloud-sdk-gcloud-deps-linux-x86_64-20210416153011.tar.gz HTTP/11" 200 104
2025-04-21 18:42:05,228 INFO     ___FILE_ONLY___ ════════════════════════════════════════════════════════════
2025-04-21 18:42:05,228 INFO     ___FILE_ONLY___ ╝

2025-04-21 18:42:05,230 INFO     ___FILE_ONLY___ ╔════════════════════════════════════════════════════════════╗

2025-04-21 18:42:05,230 INFO     ___FILE_ONLY___ ╠═ Installing: BigQuery Command Line Tool                   ═╣

2025-04-21 18:42:05,230 INFO     ___FILE_ONLY___ ╚
2025-04-21 18:42:05,321 INFO     ___FILE_ONLY___ ═
2025-04-21 18:42:05,324 INFO     ___FILE_ONLY___ ═
2025-04-21 18:42:05,326 INFO     ___FILE_ONLY___ ═
2025-04-21 18:42:05,328 INFO     ___FILE_ONLY___ ═
2025-04-21 18:42:05,331 INFO     ___FILE_ONLY___ ═
2025-04-21 18:42:05,333 INFO     ___FILE_ONLY___ ═
2025-04-21 18:42:05,336 INFO     ___FILE_ONLY___ ═
2025-04-21 18:42:05,338 INFO     ___FILE_ONLY___ ═
2025-04-21 18:42:05,340 INFO     ___FILE_ONLY___ ═
2025-04-21 18:42:05,342 INFO     ___FILE_ONLY___ ═
2025-04-21 18:42:05,345 INFO     ___FILE_ONLY___ ═
2025-04-21 18:42:05,347 INFO     ___FILE_ONLY___ ═
2025-04-21 18:42:05,349 INFO     ___FILE_ONLY___ ═
2025-04-21 18:42:05,351 INFO     ___FILE_ONLY___ ═
2025-04-21 18:42:05,353 INFO     ___FILE_ONLY___ ═
2025-04-21 18:42:05,355 INFO     ___FILE_ONLY___ ═
2025-04-21 18:42:05,358 INFO     ___FILE_ONLY___ ═
2025-04-21 18:42:05,360 INFO     ___FILE_ONLY___ ═
2025-04-21 18:42:05,362 INFO     ___FILE_ONLY___ ═
2025-04-21 18:42:05,366 INFO     ___FILE_ONLY___ ═
2025-04-21 18:42:05,368 INFO     ___FILE_ONLY___ ═
2025-04-21 18:42:05,371 INFO     ___FILE_ONLY___ ═
2025-04-21 18:42:05,373 INFO     ___FILE_ONLY___ ═
2025-04-21 18:42:05,375 INFO     ___FILE_ONLY___ ═
2025-04-21 18:42:05,376 INFO     ___FILE_ONLY___ ═
2025-04-21 18:42:05,378 INFO     ___FILE_ONLY___ ═
2025-04-21 18:42:05,381 INFO     ___FILE_ONLY___ ═
2025-04-21 18:42:05,383 INFO     ___FILE_ONLY___ ═
2025-04-21 18:42:05,385 INFO     ___FILE_ONLY___ ═
2025-04-21 18:42:05,389 INFO     ___FILE_ONLY___ ═
2025-04-21 18:42:05,391 INFO     ___FILE_ONLY___ ═
2025-04-21 18:42:05,393 INFO     ___FILE_ONLY___ ═
2025-04-21 18:42:05,395 INFO     ___FILE_ONLY___ ═
2025-04-21 18:42:05,399 INFO     ___FILE_ONLY___ ═
2025-04-21 18:42:05,401 INFO     ___FILE_ONLY___ ═
2025-04-21 18:42:05,411 INFO     ___FILE_ONLY___ ═
2025-04-21 18:42:05,414 INFO     ___FILE_ONLY___ ═
2025-04-21 18:42:05,419 INFO     ___FILE_ONLY___ ═
2025-04-21 18:42:05,421 INFO     ___FILE_ONLY___ ═
2025-04-21 18:42:05,424 INFO     ___FILE_ONLY___ ═
2025-04-21 18:42:05,426 INFO     ___FILE_ONLY___ ═
2025-04-21 18:42:05,428 INFO     ___FILE_ONLY___ ═
2025-04-21 18:42:05,432 INFO     ___FILE_ONLY___ ═
2025-04-21 18:42:05,435 INFO     ___FILE_ONLY___ ═
2025-04-21 18:42:05,437 INFO     ___FILE_ONLY___ ═
2025-04-21 18:42:05,440 INFO     ___FILE_ONLY___ ═
2025-04-21 18:42:05,442 INFO     ___FILE_ONLY___ ═
2025-04-21 18:42:05,444 INFO     ___FILE_ONLY___ ═
2025-04-21 18:42:05,446 INFO     ___FILE_ONLY___ ═
2025-04-21 18:42:05,449 INFO     ___FILE_ONLY___ ═
2025-04-21 18:42:05,451 INFO     ___FILE_ONLY___ ═
2025-04-21 18:42:05,453 INFO     ___FILE_ONLY___ ═
2025-04-21 18:42:05,455 INFO     ___FILE_ONLY___ ═
2025-04-21 18:42:05,458 INFO     ___FILE_ONLY___ ═
2025-04-21 18:42:05,460 INFO     ___FILE_ONLY___ ═
2025-04-21 18:42:05,462 INFO     ___FILE_ONLY___ ═
2025-04-21 18:42:05,464 INFO     ___FILE_ONLY___ ═
2025-04-21 18:42:05,466 INFO     ___FILE_ONLY___ ═
2025-04-21 18:42:05,468 INFO     ___FILE_ONLY___ ═
2025-04-21 18:42:05,470 INFO     ___FILE_ONLY___ ═
2025-04-21 18:42:05,470 INFO     ___FILE_ONLY___ ╝

2025-04-21 18:42:05,478 INFO     ___FILE_ONLY___ ╔════════════════════════════════════════════════════════════╗

2025-04-21 18:42:05,478 INFO     ___FILE_ONLY___ ╠═ Installing: BigQuery Command Line Tool (Platform Spec... ═╣

2025-04-21 18:42:05,478 INFO     ___FILE_ONLY___ ╚
2025-04-21 18:42:05,479 INFO     ___FILE_ONLY___ ════════════════════════════════════════════════════════════
2025-04-21 18:42:05,479 INFO     ___FILE_ONLY___ ╝

2025-04-21 18:42:05,483 INFO     ___FILE_ONLY___ ╔════════════════════════════════════════════════════════════╗

2025-04-21 18:42:05,483 INFO     ___FILE_ONLY___ ╠═ Installing: Bundled Python 3.12                          ═╣

2025-04-21 18:42:05,483 INFO     ___FILE_ONLY___ ╚
2025-04-21 18:42:05,487 INFO     ___FILE_ONLY___ ════════════════════════════════════════════════════════════
2025-04-21 18:42:05,487 INFO     ___FILE_ONLY___ ╝

2025-04-21 18:42:05,489 INFO     ___FILE_ONLY___ ╔════════════════════════════════════════════════════════════╗

2025-04-21 18:42:05,489 INFO     ___FILE_ONLY___ ╠═ Installing: Bundled Python 3.12 (Platform Specific)      ═╣

2025-04-21 18:42:05,489 INFO     ___FILE_ONLY___ ╚
2025-04-21 18:42:08,652 INFO     ___FILE_ONLY___ ═
2025-04-21 18:42:09,164 INFO     ___FILE_ONLY___ ═
2025-04-21 18:42:09,187 INFO     ___FILE_ONLY___ ═
2025-04-21 18:42:09,224 INFO     ___FILE_ONLY___ ═
2025-04-21 18:42:09,248 INFO     ___FILE_ONLY___ ═
2025-04-21 18:42:09,264 INFO     ___FILE_ONLY___ ═
2025-04-21 18:42:09,296 INFO     ___FILE_ONLY___ ═
2025-04-21 18:42:09,317 INFO     ___FILE_ONLY___ ═
2025-04-21 18:42:09,337 INFO     ___FILE_ONLY___ ═
2025-04-21 18:42:09,355 INFO     ___FILE_ONLY___ ═
2025-04-21 18:42:09,372 INFO     ___FILE_ONLY___ ═
2025-04-21 18:42:09,400 INFO     ___FILE_ONLY___ ═
2025-04-21 18:42:09,546 INFO     ___FILE_ONLY___ ═
2025-04-21 18:42:09,565 INFO     ___FILE_ONLY___ ═
2025-04-21 18:42:09,582 INFO     ___FILE_ONLY___ ═
2025-04-21 18:42:09,600 INFO     ___FILE_ONLY___ ═
2025-04-21 18:42:09,615 INFO     ___FILE_ONLY___ ═
2025-04-21 18:42:09,634 INFO     ___FILE_ONLY___ ═
2025-04-21 18:42:09,654 INFO     ___FILE_ONLY___ ═
2025-04-21 18:42:09,675 INFO     ___FILE_ONLY___ ═
2025-04-21 18:42:09,693 INFO     ___FILE_ONLY___ ═
2025-04-21 18:42:09,790 INFO     ___FILE_ONLY___ ═
2025-04-21 18:42:09,812 INFO     ___FILE_ONLY___ ═
2025-04-21 18:42:10,318 INFO     ___FILE_ONLY___ ═
2025-04-21 18:42:10,335 INFO     ___FILE_ONLY___ ═
2025-04-21 18:42:10,350 INFO     ___FILE_ONLY___ ═
2025-04-21 18:42:10,364 INFO     ___FILE_ONLY___ ═
2025-04-21 18:42:10,377 INFO     ___FILE_ONLY___ ═
2025-04-21 18:42:10,390 INFO     ___FILE_ONLY___ ═
2025-04-21 18:42:10,403 INFO     ___FILE_ONLY___ ═
2025-04-21 18:42:10,415 INFO     ___FILE_ONLY___ ═
2025-04-21 18:42:10,428 INFO     ___FILE_ONLY___ ═
2025-04-21 18:42:10,441 INFO     ___FILE_ONLY___ ═
2025-04-21 18:42:10,453 INFO     ___FILE_ONLY___ ═
2025-04-21 18:42:10,466 INFO     ___FILE_ONLY___ ═
2025-04-21 18:42:10,480 INFO     ___FILE_ONLY___ ═
2025-04-21 18:42:10,493 INFO     ___FILE_ONLY___ ═
2025-04-21 18:42:10,506 INFO     ___FILE_ONLY___ ═
2025-04-21 18:42:10,519 INFO     ___FILE_ONLY___ ═
2025-04-21 18:42:10,532 INFO     ___FILE_ONLY___ ═
2025-04-21 18:42:10,545 INFO     ___FILE_ONLY___ ═
2025-04-21 18:42:10,558 INFO     ___FILE_ONLY___ ═
2025-04-21 18:42:10,571 INFO     ___FILE_ONLY___ ═
2025-04-21 18:42:10,585 INFO     ___FILE_ONLY___ ═
2025-04-21 18:42:10,598 INFO     ___FILE_ONLY___ ═
2025-04-21 18:42:10,611 INFO     ___FILE_ONLY___ ═
2025-04-21 18:42:10,624 INFO     ___FILE_ONLY___ ═
2025-04-21 18:42:10,637 INFO     ___FILE_ONLY___ ═
2025-04-21 18:42:10,650 INFO     ___FILE_ONLY___ ═
2025-04-21 18:42:10,664 INFO     ___FILE_ONLY___ ═
2025-04-21 18:42:10,676 INFO     ___FILE_ONLY___ ═
2025-04-21 18:42:10,689 INFO     ___FILE_ONLY___ ═
2025-04-21 18:42:10,702 INFO     ___FILE_ONLY___ ═
2025-04-21 18:42:10,714 INFO     ___FILE_ONLY___ ═
2025-04-21 18:42:10,728 INFO     ___FILE_ONLY___ ═
2025-04-21 18:42:10,741 INFO     ___FILE_ONLY___ ═
2025-04-21 18:42:10,754 INFO     ___FILE_ONLY___ ═
2025-04-21 18:42:10,767 INFO     ___FILE_ONLY___ ═
2025-04-21 18:42:10,781 INFO     ___FILE_ONLY___ ═
2025-04-21 18:42:10,793 INFO     ___FILE_ONLY___ ═
2025-04-21 18:42:10,794 INFO     ___FILE_ONLY___ ╝

2025-04-21 18:42:10,851 INFO     ___FILE_ONLY___ ╔════════════════════════════════════════════════════════════╗

2025-04-21 18:42:10,851 INFO     ___FILE_ONLY___ ╠═ Installing: Cloud Storage Command Line Tool              ═╣

2025-04-21 18:42:10,851 INFO     ___FILE_ONLY___ ╚
2025-04-21 18:42:11,394 INFO     ___FILE_ONLY___ ═
2025-04-21 18:42:11,412 INFO     ___FILE_ONLY___ ═
2025-04-21 18:42:11,434 INFO     ___FILE_ONLY___ ═
2025-04-21 18:42:11,451 INFO     ___FILE_ONLY___ ═
2025-04-21 18:42:11,467 INFO     ___FILE_ONLY___ ═
2025-04-21 18:42:11,480 INFO     ___FILE_ONLY___ ═
2025-04-21 18:42:11,494 INFO     ___FILE_ONLY___ ═
2025-04-21 18:42:11,512 INFO     ___FILE_ONLY___ ═
2025-04-21 18:42:11,527 INFO     ___FILE_ONLY___ ═
2025-04-21 18:42:11,540 INFO     ___FILE_ONLY___ ═
2025-04-21 18:42:11,555 INFO     ___FILE_ONLY___ ═
2025-04-21 18:42:11,567 INFO     ___FILE_ONLY___ ═
2025-04-21 18:42:11,577 INFO     ___FILE_ONLY___ ═
2025-04-21 18:42:11,587 INFO     ___FILE_ONLY___ ═
2025-04-21 18:42:11,598 INFO     ___FILE_ONLY___ ═
2025-04-21 18:42:11,609 INFO     ___FILE_ONLY___ ═
2025-04-21 18:42:11,620 INFO     ___FILE_ONLY___ ═
2025-04-21 18:42:11,632 INFO     ___FILE_ONLY___ ═
2025-04-21 18:42:11,643 INFO     ___FILE_ONLY___ ═
2025-04-21 18:42:11,654 INFO     ___FILE_ONLY___ ═
2025-04-21 18:42:11,667 INFO     ___FILE_ONLY___ ═
2025-04-21 18:42:11,681 INFO     ___FILE_ONLY___ ═
2025-04-21 18:42:11,697 INFO     ___FILE_ONLY___ ═
2025-04-21 18:42:11,707 INFO     ___FILE_ONLY___ ═
2025-04-21 18:42:11,719 INFO     ___FILE_ONLY___ ═
2025-04-21 18:42:11,734 INFO     ___FILE_ONLY___ ═
2025-04-21 18:42:11,752 INFO     ___FILE_ONLY___ ═
2025-04-21 18:42:11,771 INFO     ___FILE_ONLY___ ═
2025-04-21 18:42:11,787 INFO     ___FILE_ONLY___ ═
2025-04-21 18:42:11,808 INFO     ___FILE_ONLY___ ═
2025-04-21 18:42:11,819 INFO     ___FILE_ONLY___ ═
2025-04-21 18:42:11,831 INFO     ___FILE_ONLY___ ═
2025-04-21 18:42:11,849 INFO     ___FILE_ONLY___ ═
2025-04-21 18:42:11,862 INFO     ___FILE_ONLY___ ═
2025-04-21 18:42:11,873 INFO     ___FILE_ONLY___ ═
2025-04-21 18:42:11,883 INFO     ___FILE_ONLY___ ═
2025-04-21 18:42:11,893 INFO     ___FILE_ONLY___ ═
2025-04-21 18:42:11,904 INFO     ___FILE_ONLY___ ═
2025-04-21 18:42:11,916 INFO     ___FILE_ONLY___ ═
2025-04-21 18:42:11,928 INFO     ___FILE_ONLY___ ═
2025-04-21 18:42:11,937 INFO     ___FILE_ONLY___ ═
2025-04-21 18:42:11,951 INFO     ___FILE_ONLY___ ═
2025-04-21 18:42:11,961 INFO     ___FILE_ONLY___ ═
2025-04-21 18:42:11,975 INFO     ___FILE_ONLY___ ═
2025-04-21 18:42:11,991 INFO     ___FILE_ONLY___ ═
2025-04-21 18:42:12,003 INFO     ___FILE_ONLY___ ═
2025-04-21 18:42:12,012 INFO     ___FILE_ONLY___ ═
2025-04-21 18:42:12,023 INFO     ___FILE_ONLY___ ═
2025-04-21 18:42:12,034 INFO     ___FILE_ONLY___ ═
2025-04-21 18:42:12,047 INFO     ___FILE_ONLY___ ═
2025-04-21 18:42:12,064 INFO     ___FILE_ONLY___ ═
2025-04-21 18:42:12,076 INFO     ___FILE_ONLY___ ═
2025-04-21 18:42:12,092 INFO     ___FILE_ONLY___ ═
2025-04-21 18:42:12,105 INFO     ___FILE_ONLY___ ═
2025-04-21 18:42:12,142 INFO     ___FILE_ONLY___ ═
2025-04-21 18:42:12,152 INFO     ___FILE_ONLY___ ═
2025-04-21 18:42:12,163 INFO     ___FILE_ONLY___ ═
2025-04-21 18:42:12,174 INFO     ___FILE_ONLY___ ═
2025-04-21 18:42:12,185 INFO     ___FILE_ONLY___ ═
2025-04-21 18:42:12,200 INFO     ___FILE_ONLY___ ═
2025-04-21 18:42:12,200 INFO     ___FILE_ONLY___ ╝

2025-04-21 18:42:12,231 INFO     ___FILE_ONLY___ ╔════════════════════════════════════════════════════════════╗

2025-04-21 18:42:12,231 INFO     ___FILE_ONLY___ ╠═ Installing: Cloud Storage Command Line Tool (Platform... ═╣

2025-04-21 18:42:12,231 INFO     ___FILE_ONLY___ ╚
2025-04-21 18:42:12,232 INFO     ___FILE_ONLY___ ════════════════════════════════════════════════════════════
2025-04-21 18:42:12,232 INFO     ___FILE_ONLY___ ╝

2025-04-21 18:42:12,236 INFO     ___FILE_ONLY___ ╔════════════════════════════════════════════════════════════╗

2025-04-21 18:42:12,236 INFO     ___FILE_ONLY___ ╠═ Installing: Default set of gcloud commands               ═╣

2025-04-21 18:42:12,237 INFO     ___FILE_ONLY___ ╚
2025-04-21 18:42:12,239 INFO     ___FILE_ONLY___ ════════════════════════════════════════════════════════════
2025-04-21 18:42:12,239 INFO     ___FILE_ONLY___ ╝

2025-04-21 18:42:12,241 INFO     ___FILE_ONLY___ ╔════════════════════════════════════════════════════════════╗

2025-04-21 18:42:12,241 INFO     ___FILE_ONLY___ ╠═ Installing: Google Cloud CLI Core Libraries (Platform... ═╣

2025-04-21 18:42:12,241 INFO     ___FILE_ONLY___ ╚
2025-04-21 18:42:12,242 INFO     ___FILE_ONLY___ ══════════════════════════════
2025-04-21 18:42:12,242 INFO     ___FILE_ONLY___ ══════════════════════════════
2025-04-21 18:42:12,242 INFO     ___FILE_ONLY___ ╝

2025-04-21 18:42:12,246 INFO     ___FILE_ONLY___ ╔════════════════════════════════════════════════════════════╗

2025-04-21 18:42:12,246 INFO     ___FILE_ONLY___ ╠═ Installing: Google Cloud CRC32C Hash Tool                ═╣

2025-04-21 18:42:12,246 INFO     ___FILE_ONLY___ ╚
2025-04-21 18:42:12,248 INFO     ___FILE_ONLY___ ════════════════════════════════════════════════════════════
2025-04-21 18:42:12,248 INFO     ___FILE_ONLY___ ╝

2025-04-21 18:42:12,250 INFO     ___FILE_ONLY___ ╔════════════════════════════════════════════════════════════╗

2025-04-21 18:42:12,250 INFO     ___FILE_ONLY___ ╠═ Installing: Google Cloud CRC32C Hash Tool (Platform S... ═╣

2025-04-21 18:42:12,250 INFO     ___FILE_ONLY___ ╚
2025-04-21 18:42:12,289 INFO     ___FILE_ONLY___ ══════════════════════════════
2025-04-21 18:42:12,289 INFO     ___FILE_ONLY___ ══════════════════════════════
2025-04-21 18:42:12,289 INFO     ___FILE_ONLY___ ╝

2025-04-21 18:42:12,294 INFO     ___FILE_ONLY___ ╔════════════════════════════════════════════════════════════╗

2025-04-21 18:42:12,294 INFO     ___FILE_ONLY___ ╠═ Installing: gcloud cli dependencies (Platform Specific)  ═╣

2025-04-21 18:42:12,294 INFO     ___FILE_ONLY___ ╚
2025-04-21 18:42:12,295 INFO     ___FILE_ONLY___ ════════════════════════════════════════════════════════════
2025-04-21 18:42:12,295 INFO     ___FILE_ONLY___ ╝

2025-04-21 18:42:12,300 DEBUG    root            Updating notification cache...
2025-04-21 18:42:12,300 INFO     ___FILE_ONLY___ 

2025-04-21 18:42:12,302 INFO     ___FILE_ONLY___ Performing post processing steps...
2025-04-21 18:42:12,302 DEBUG    root            Executing command: ['/tools/google-cloud-sdk/bin/gcloud', 'components', 'post-process']
2025-04-21 18:42:20,542 DEBUG    ___FILE_ONLY___ 
2025-04-21 18:42:20,542 DEBUG    ___FILE_ONLY___ 
2025-04-21 18:42:20,594 INFO     root            descriptor_list: [{'universeDomain': 'googleapis.com', 'universeShortName': '', 'authenticationDomain': 'auth.cloud.google.com', 'projectPrefix': '', 'cloudWebDomain': 'cloud.google.com', 'documentationDomain': 'cloud.google.com', 'version': '1.0.0', 'state': 'primary', 'artifactRegistryDomain': 'pkg.dev'}]
2025-04-21 18:42:20,595 INFO     ___FILE_ONLY___ 
Update done!


2025-04-21 18:42:20,597 DEBUG    root            Chosen display Format:none
2025-04-21 18:42:20,598 INFO     root            Display format: "none"
